TN:
SF:src\AError.ts
FN:7,(anonymous_0)
FNF:1
FNH:1
FNDA:54,(anonymous_0)
DA:1,3
DA:3,3
DA:8,54
LF:3
LH:3
BRF:0
BRH:0
end_of_record
TN:
SF:src\AReason.ts
FN:7,(anonymous_0)
FN:11,(anonymous_1)
FNF:2
FNH:2
FNDA:54,(anonymous_0)
FNDA:1,(anonymous_1)
DA:1,3
DA:8,54
DA:12,1
LF:3
LH:3
BRF:0
BRH:0
end_of_record
TN:
SF:src\ExceptionalError.ts
FN:8,(anonymous_0)
FN:12,(anonymous_1)
FNF:2
FNH:2
FNDA:21,(anonymous_0)
FNDA:1,(anonymous_1)
DA:1,2
DA:3,2
DA:9,21
DA:10,21
DA:13,1
LF:5
LH:5
BRF:0
BRH:0
end_of_record
TN:
SF:src\PromiseRejection.ts
FN:8,(anonymous_0)
FN:12,(anonymous_1)
FNF:2
FNH:2
FNDA:4,(anonymous_0)
FNDA:2,(anonymous_1)
DA:1,1
DA:3,1
DA:9,4
DA:10,4
DA:13,2
LF:5
LH:5
BRF:0
BRH:0
end_of_record
TN:
SF:src\Result.ts
FN:13,(anonymous_0)
FN:17,(anonymous_1)
FN:18,(anonymous_2)
FN:26,(anonymous_3)
FN:36,(anonymous_4)
FN:43,(anonymous_5)
FN:47,(anonymous_6)
FN:55,(anonymous_7)
FN:76,(anonymous_8)
FN:85,(anonymous_9)
FN:89,(anonymous_10)
FN:90,(anonymous_11)
FN:101,(anonymous_12)
FN:123,(anonymous_13)
FN:126,(anonymous_14)
FN:126,(anonymous_15)
FN:144,(anonymous_16)
FN:168,(anonymous_17)
FN:175,(anonymous_18)
FN:175,(anonymous_19)
FN:192,(anonymous_20)
FN:215,(anonymous_21)
FN:242,(anonymous_22)
FN:279,(anonymous_23)
FN:307,(anonymous_24)
FNF:25
FNH:25
FNDA:100,(anonymous_0)
FNDA:100,(anonymous_1)
FNDA:42,(anonymous_2)
FNDA:2,(anonymous_3)
FNDA:2,(anonymous_4)
FNDA:8,(anonymous_5)
FNDA:6,(anonymous_6)
FNDA:57,(anonymous_7)
FNDA:25,(anonymous_8)
FNDA:16,(anonymous_9)
FNDA:11,(anonymous_10)
FNDA:11,(anonymous_11)
FNDA:44,(anonymous_12)
FNDA:7,(anonymous_13)
FNDA:4,(anonymous_14)
FNDA:2,(anonymous_15)
FNDA:12,(anonymous_16)
FNDA:9,(anonymous_17)
FNDA:3,(anonymous_18)
FNDA:2,(anonymous_19)
FNDA:5,(anonymous_20)
FNDA:5,(anonymous_21)
FNDA:9,(anonymous_22)
FNDA:9,(anonymous_23)
FNDA:50,(anonymous_24)
DA:2,1
DA:3,1
DA:4,1
DA:6,1
DA:9,57
DA:11,57
DA:14,100
DA:18,100
DA:21,57
DA:27,2
DA:37,2
DA:44,8
DA:48,6
DA:56,57
DA:57,57
DA:70,1
DA:77,25
DA:78,24
DA:80,1
DA:86,16
DA:90,11
DA:102,44
DA:104,44
DA:105,44
DA:108,7
DA:111,44
DA:124,7
DA:125,7
DA:126,7
DA:129,1
DA:132,7
DA:145,12
DA:146,10
DA:147,10
DA:150,6
DA:153,4
DA:156,12
DA:169,9
DA:170,7
DA:171,7
DA:175,5
DA:178,2
DA:181,9
DA:193,5
DA:194,4
DA:195,4
DA:198,3
DA:201,1
DA:204,5
DA:216,5
DA:217,4
DA:218,4
DA:221,3
DA:224,1
DA:227,5
DA:245,9
DA:246,8
DA:247,8
DA:250,6
DA:251,4
DA:252,4
DA:253,3
DA:254,3
DA:255,3
DA:260,2
DA:263,9
DA:282,9
DA:283,8
DA:284,8
DA:287,6
DA:288,4
DA:289,4
DA:290,3
DA:291,3
DA:292,3
DA:297,2
DA:300,9
DA:308,50
DA:309,50
LF:79
LH:79
BRDA:77,0,0,24
BRDA:145,1,0,10
BRDA:147,2,0,8
BRDA:147,2,1,2
BRDA:169,3,0,7
BRDA:171,4,0,6
BRDA:171,4,1,1
BRDA:193,5,0,4
BRDA:195,6,0,3
BRDA:195,6,1,1
BRDA:198,7,0,1
BRDA:216,8,0,4
BRDA:218,9,0,3
BRDA:218,9,1,1
BRDA:221,10,0,1
BRDA:245,11,0,8
BRDA:247,12,0,3
BRDA:247,12,1,5
BRDA:250,13,0,4
BRDA:252,14,0,3
BRDA:282,15,0,8
BRDA:284,16,0,3
BRDA:284,16,1,5
BRDA:287,17,0,4
BRDA:289,18,0,3
BRF:25
BRH:25
end_of_record
